# JRE version: Java(TM) SE Runtime Environment (8.0_181-b13) (build 1.8.0_181-b13)
# Java VM: Java HotSpot(TM) Client VM (25.181-b13 mixed mode, sharing windows-x86 )
Heap:
 def new generation   total 20032K, used 2175K [0x03c00000, 0x051b0000, 0x09150000)
  eden space 17856K,   0% used [0x03c00000, 0x03c00000, 0x04d70000)
  from space 2176K,  99% used [0x04f90000, 0x051afff8, 0x051b0000)
  to   space 2176K,   0% used [0x04d70000, 0x04d70000, 0x04f90000)
 tenured generation   total 44484K, used 44363K [0x09150000, 0x0bcc1000, 0x13c00000)
   the space 44484K,  99% used [0x09150000, 0x0bca2f90, 0x0bca3000, 0x0bcc1000)
 Metaspace       used 37091K, capacity 39082K, committed 39168K, reserved 39296K
GC Heap History (10 events):
Event: 19.158 GC heap after
Heap after GC invocations=102 (full 4):
 def new generation   total 20032K, used 2176K [0x03c00000, 0x051b0000, 0x09150000)
  eden space 17856K,   0% used [0x03c00000, 0x03c00000, 0x04d70000)
  from space 2176K, 100% used [0x04d70000, 0x04f90000, 0x04f90000)
  to   space 2176K,   0% used [0x04f90000, 0x04f90000, 0x051b0000)
 tenured generation   total 44356K, used 33632K [0x09150000, 0x0bca1000, 0x13c00000)
   the space 44356K,  75% used [0x09150000, 0x0b228278, 0x0b228400, 0x0bca1000)
 Metaspace       used 33033K, capacity 35003K, committed 35072K, reserved 35200K
}
Event: 19.200 GC heap before
{Heap before GC invocations=102 (full 4):
 def new generation   total 20032K, used 20032K [0x03c00000, 0x051b0000, 0x09150000)
  eden space 17856K, 100% used [0x03c00000, 0x04d70000, 0x04d70000)
  from space 2176K, 100% used [0x04d70000, 0x04f90000, 0x04f90000)
  to   space 2176K,   0% used [0x04f90000, 0x04f90000, 0x051b0000)
 tenured generation   total 44356K, used 33632K [0x09150000, 0x0bca1000, 0x13c00000)
   the space 44356K,  75% used [0x09150000, 0x0b228278, 0x0b228400, 0x0bca1000)
 Metaspace       used 33033K, capacity 35003K, committed 35072K, reserved 35200K
Event: 19.212 GC heap after
Heap after GC invocations=103 (full 4):
 def new generation   total 20032K, used 2108K [0x03c00000, 0x051b0000, 0x09150000)
  eden space 17856K,   0% used [0x03c00000, 0x03c00000, 0x04d70000)
  from space 2176K,  96% used [0x04f90000, 0x0519f358, 0x051b0000)
  to   space 2176K,   0% used [0x04d70000, 0x04d70000, 0x04f90000)
 tenured generation   total 44356K, used 35759K [0x09150000, 0x0bca1000, 0x13c00000)
   the space 44356K,  80% used [0x09150000, 0x0b43be90, 0x0b43c000, 0x0bca1000)
 Metaspace       used 33033K, capacity 35003K, committed 35072K, reserved 35200K
}
Event: 19.492 GC heap before
{Heap before GC invocations=103 (full 4):
 def new generation   total 20032K, used 19964K [0x03c00000, 0x051b0000, 0x09150000)
  eden space 17856K, 100% used [0x03c00000, 0x04d70000, 0x04d70000)
  from space 2176K,  96% used [0x04f90000, 0x0519f358, 0x051b0000)
  to   space 2176K,   0% used [0x04d70000, 0x04d70000, 0x04f90000)
 tenured generation   total 44356K, used 35759K [0x09150000, 0x0bca1000, 0x13c00000)
   the space 44356K,  80% used [0x09150000, 0x0b43be90, 0x0b43c000, 0x0bca1000)
 Metaspace       used 33589K, capacity 35579K, committed 35584K, reserved 36224K
Event: 19.507 GC heap after
Heap after GC invocations=104 (full 4):
 def new generation   total 20032K, used 2176K [0x03c00000, 0x051b0000, 0x09150000)
  eden space 17856K,   0% used [0x03c00000, 0x03c00000, 0x04d70000)
  from space 2176K, 100% used [0x04d70000, 0x04f90000, 0x04f90000)
  to   space 2176K,   0% used [0x04f90000, 0x04f90000, 0x051b0000)
 tenured generation   total 44356K, used 38499K [0x09150000, 0x0bca1000, 0x13c00000)
   the space 44356K,  86% used [0x09150000, 0x0b6e8db0, 0x0b6e8e00, 0x0bca1000)
 Metaspace       used 33589K, capacity 35579K, committed 35584K, reserved 36224K
}
Event: 19.645 GC heap before
{Heap before GC invocations=104 (full 4):
 def new generation   total 20032K, used 20032K [0x03c00000, 0x051b0000, 0x09150000)
  eden space 17856K, 100% used [0x03c00000, 0x04d70000, 0x04d70000)
  from space 2176K, 100% used [0x04d70000, 0x04f90000, 0x04f90000)
  to   space 2176K,   0% used [0x04f90000, 0x04f90000, 0x051b0000)
 tenured generation   total 44356K, used 38499K [0x09150000, 0x0bca1000, 0x13c00000)
   the space 44356K,  86% used [0x09150000, 0x0b6e8db0, 0x0b6e8e00, 0x0bca1000)
 Metaspace       used 34135K, capacity 36126K, committed 36224K, reserved 36224K
Event: 19.655 GC heap after
Heap after GC invocations=105 (full 4):
 def new generation   total 20032K, used 2176K [0x03c00000, 0x051b0000, 0x09150000)
  eden space 17856K,   0% used [0x03c00000, 0x03c00000, 0x04d70000)
  from space 2176K, 100% used [0x04f90000, 0x051b0000, 0x051b0000)
  to   space 2176K,   0% used [0x04d70000, 0x04d70000, 0x04f90000)
 tenured generation   total 44356K, used 40554K [0x09150000, 0x0bca1000, 0x13c00000)
   the space 44356K,  91% used [0x09150000, 0x0b8eab58, 0x0b8eac00, 0x0bca1000)
 Metaspace       used 34135K, capacity 36126K, committed 36224K, reserved 36224K
}
Event: 19.862 GC heap before
{Heap before GC invocations=105 (full 4):
 def new generation   total 20032K, used 20032K [0x03c00000, 0x051b0000, 0x09150000)
  eden space 17856K, 100% used [0x03c00000, 0x04d70000, 0x04d70000)
  from space 2176K, 100% used [0x04f90000, 0x051b0000, 0x051b0000)
  to   space 2176K,   0% used [0x04d70000, 0x04d70000, 0x04f90000)
 tenured generation   total 44356K, used 40554K [0x09150000, 0x0bca1000, 0x13c00000)
   the space 44356K,  91% used [0x09150000, 0x0b8eab58, 0x0b8eac00, 0x0bca1000)
 Metaspace       used 35786K, capacity 37792K, committed 37888K, reserved 38272K
Event: 19.869 GC heap after
Heap after GC invocations=106 (full 4):
 def new generation   total 20032K, used 2176K [0x03c00000, 0x051b0000, 0x09150000)
  eden space 17856K,   0% used [0x03c00000, 0x03c00000, 0x04d70000)
  from space 2176K, 100% used [0x04d70000, 0x04f90000, 0x04f90000)
  to   space 2176K,   0% used [0x04f90000, 0x04f90000, 0x051b0000)
 tenured generation   total 44356K, used 42639K [0x09150000, 0x0bca1000, 0x13c00000)
   the space 44356K,  96% used [0x09150000, 0x0baf3f00, 0x0baf4000, 0x0bca1000)
 Metaspace       used 35786K, capacity 37792K, committed 37888K, reserved 38272K
}
Event: 20.116 GC heap before
{Heap before GC invocations=106 (full 4):
 def new generation   total 20032K, used 20032K [0x03c00000, 0x051b0000, 0x09150000)
  eden space 17856K, 100% used [0x03c00000, 0x04d70000, 0x04d70000)
  from space 2176K, 100% used [0x04d70000, 0x04f90000, 0x04f90000)
  to   space 2176K,   0% used [0x04f90000, 0x04f90000, 0x051b0000)
 tenured generation   total 44356K, used 42639K [0x09150000, 0x0bca1000, 0x13c00000)
   the space 44356K,  96% used [0x09150000, 0x0baf3f00, 0x0baf4000, 0x0bca1000)
 Metaspace       used 37091K, capacity 39082K, committed 39168K, reserved 39296K

