# JRE version: Java(TM) SE Runtime Environment (8.0_181-b13) (build 1.8.0_181-b13)
# Java VM: Java HotSpot(TM) Client VM (25.181-b13 mixed mode, sharing windows-x86 )
Heap:
 def new generation   total 6336K, used 6335K [0x03c00000, 0x042e0000, 0x09150000)
  eden space 5632K, 100% used [0x03c00000, 0x04180000, 0x04180000)
  from space 704K,  99% used [0x04180000, 0x0422fff8, 0x04230000)
  to   space 704K,  54% used [0x04230000, 0x0428fb08, 0x042e0000)
 tenured generation   total 174784K, used 10213K [0x09150000, 0x13c00000, 0x13c00000)
   the space 174784K,   5% used [0x09150000, 0x09b497d8, 0x09b49800, 0x13c00000)
 Metaspace       used 13077K, capacity 14190K, committed 14208K, reserved 14720K
GC Heap History (10 events):
Event: 2.019 GC heap after
Heap after GC invocations=44 (full 1):
 def new generation   total 6336K, used 0K [0x03c00000, 0x042e0000, 0x09150000)
  eden space 5632K,   0% used [0x03c00000, 0x03c00000, 0x04180000)
  from space 704K,   0% used [0x04180000, 0x04180000, 0x04230000)
  to   space 704K,   0% used [0x04230000, 0x04230000, 0x042e0000)
 tenured generation   total 13968K, used 8380K [0x09150000, 0x09ef4000, 0x13c00000)
   the space 13968K,  59% used [0x09150000, 0x0997f298, 0x0997f400, 0x09ef4000)
 Metaspace       used 11464K, capacity 12274K, committed 12288K, reserved 12672K
}
Event: 2.080 GC heap before
{Heap before GC invocations=44 (full 1):
 def new generation   total 6336K, used 5632K [0x03c00000, 0x042e0000, 0x09150000)
  eden space 5632K, 100% used [0x03c00000, 0x04180000, 0x04180000)
  from space 704K,   0% used [0x04180000, 0x04180000, 0x04230000)
  to   space 704K,   0% used [0x04230000, 0x04230000, 0x042e0000)
 tenured generation   total 13968K, used 8380K [0x09150000, 0x09ef4000, 0x13c00000)
   the space 13968K,  59% used [0x09150000, 0x0997f298, 0x0997f400, 0x09ef4000)
 Metaspace       used 11672K, capacity 12536K, committed 12544K, reserved 12672K
Event: 2.082 GC heap after
Heap after GC invocations=45 (full 1):
 def new generation   total 6336K, used 526K [0x03c00000, 0x042e0000, 0x09150000)
  eden space 5632K,   0% used [0x03c00000, 0x03c00000, 0x04180000)
  from space 704K,  74% used [0x04230000, 0x042b3840, 0x042e0000)
  to   space 704K,   0% used [0x04180000, 0x04180000, 0x04230000)
 tenured generation   total 13968K, used 8380K [0x09150000, 0x09ef4000, 0x13c00000)
   the space 13968K,  59% used [0x09150000, 0x0997f298, 0x0997f400, 0x09ef4000)
 Metaspace       used 11672K, capacity 12536K, committed 12544K, reserved 12672K
}
Event: 2.140 GC heap before
{Heap before GC invocations=45 (full 1):
 def new generation   total 6336K, used 6158K [0x03c00000, 0x042e0000, 0x09150000)
  eden space 5632K, 100% used [0x03c00000, 0x04180000, 0x04180000)
  from space 704K,  74% used [0x04230000, 0x042b3840, 0x042e0000)
  to   space 704K,   0% used [0x04180000, 0x04180000, 0x04230000)
 tenured generation   total 13968K, used 8380K [0x09150000, 0x09ef4000, 0x13c00000)
   the space 13968K,  59% used [0x09150000, 0x0997f298, 0x0997f400, 0x09ef4000)
 Metaspace       used 11904K, capacity 12775K, committed 12800K, reserved 13696K
Event: 2.145 GC heap after
Heap after GC invocations=46 (full 1):
 def new generation   total 6336K, used 704K [0x03c00000, 0x042e0000, 0x09150000)
  eden space 5632K,   0% used [0x03c00000, 0x03c00000, 0x04180000)
  from space 704K, 100% used [0x04180000, 0x04230000, 0x04230000)
  to   space 704K,   0% used [0x04230000, 0x04230000, 0x042e0000)
 tenured generation   total 13968K, used 8664K [0x09150000, 0x09ef4000, 0x13c00000)
   the space 13968K,  62% used [0x09150000, 0x099c6358, 0x099c6400, 0x09ef4000)
 Metaspace       used 11904K, capacity 12775K, committed 12800K, reserved 13696K
}
Event: 2.205 GC heap before
{Heap before GC invocations=46 (full 1):
 def new generation   total 6336K, used 6336K [0x03c00000, 0x042e0000, 0x09150000)
  eden space 5632K, 100% used [0x03c00000, 0x04180000, 0x04180000)
  from space 704K, 100% used [0x04180000, 0x04230000, 0x04230000)
  to   space 704K,   0% used [0x04230000, 0x04230000, 0x042e0000)
 tenured generation   total 13968K, used 8664K [0x09150000, 0x09ef4000, 0x13c00000)
   the space 13968K,  62% used [0x09150000, 0x099c6358, 0x099c6400, 0x09ef4000)
 Metaspace       used 12199K, capacity 13088K, committed 13184K, reserved 13696K
Event: 2.209 GC heap after
Heap after GC invocations=47 (full 1):
 def new generation   total 6336K, used 704K [0x03c00000, 0x042e0000, 0x09150000)
  eden space 5632K,   0% used [0x03c00000, 0x03c00000, 0x04180000)
  from space 704K, 100% used [0x04230000, 0x042e0000, 0x042e0000)
  to   space 704K,   0% used [0x04180000, 0x04180000, 0x04230000)
 tenured generation   total 13968K, used 9288K [0x09150000, 0x09ef4000, 0x13c00000)
   the space 13968K,  66% used [0x09150000, 0x09a621c0, 0x09a62200, 0x09ef4000)
 Metaspace       used 12199K, capacity 13088K, committed 13184K, reserved 13696K
}
Event: 2.291 GC heap before
{Heap before GC invocations=47 (full 1):
 def new generation   total 6336K, used 6336K [0x03c00000, 0x042e0000, 0x09150000)
  eden space 5632K, 100% used [0x03c00000, 0x04180000, 0x04180000)
  from space 704K, 100% used [0x04230000, 0x042e0000, 0x042e0000)
  to   space 704K,   0% used [0x04180000, 0x04180000, 0x04230000)
 tenured generation   total 13968K, used 9288K [0x09150000, 0x09ef4000, 0x13c00000)
   the space 13968K,  66% used [0x09150000, 0x09a621c0, 0x09a62200, 0x09ef4000)
 Metaspace       used 12713K, capacity 13775K, committed 13824K, reserved 14720K
Event: 2.294 GC heap after
Heap after GC invocations=48 (full 1):
 def new generation   total 6336K, used 703K [0x03c00000, 0x042e0000, 0x09150000)
  eden space 5632K,   0% used [0x03c00000, 0x03c00000, 0x04180000)
  from space 704K,  99% used [0x04180000, 0x0422fff8, 0x04230000)
  to   space 704K,   0% used [0x04230000, 0x04230000, 0x042e0000)
 tenured generation   total 13968K, used 9834K [0x09150000, 0x09ef4000, 0x13c00000)
   the space 13968K,  70% used [0x09150000, 0x09aea988, 0x09aeaa00, 0x09ef4000)
 Metaspace       used 12713K, capacity 13775K, committed 13824K, reserved 14720K
}
Event: 2.364 GC heap before
{Heap before GC invocations=48 (full 1):
 def new generation   total 6336K, used 6335K [0x03c00000, 0x042e0000, 0x09150000)
  eden space 5632K, 100% used [0x03c00000, 0x04180000, 0x04180000)
  from space 704K,  99% used [0x04180000, 0x0422fff8, 0x04230000)
  to   space 704K,   0% used [0x04230000, 0x04230000, 0x042e0000)
 tenured generation   total 13968K, used 9834K [0x09150000, 0x09ef4000, 0x13c00000)
   the space 13968K,  70% used [0x09150000, 0x09aea988, 0x09aeaa00, 0x09ef4000)
 Metaspace       used 13077K, capacity 14190K, committed 14208K, reserved 14720K

