# JRE version: Java(TM) SE Runtime Environment (8.0_181-b13) (build 1.8.0_181-b13)
# Java VM: Java HotSpot(TM) Client VM (25.181-b13 mixed mode, sharing windows-x86 )
Heap:
 def new generation   total 15616K, used 1727K [0x03c00000, 0x04cf0000, 0x09150000)
  eden space 13888K,   0% used [0x03c00000, 0x03c00000, 0x04990000)
  from space 1728K,  99% used [0x04990000, 0x04b3fff8, 0x04b40000)
  to   space 1728K,   0% used [0x04b40000, 0x04b40000, 0x04cf0000)
 tenured generation   total 34768K, used 34696K [0x09150000, 0x0b344000, 0x13c00000)
   the space 34768K,  99% used [0x09150000, 0x0b332048, 0x0b332200, 0x0b344000)
 Metaspace       used 38252K, capacity 40269K, committed 40320K, reserved 40320K
GC Heap History (10 events):
Event: 64.716 GC heap after
Heap after GC invocations=100 (full 4):
 def new generation   total 15616K, used 1324K [0x03c00000, 0x04cf0000, 0x09150000)
  eden space 13888K,   0% used [0x03c00000, 0x03c00000, 0x04990000)
  from space 1728K,  76% used [0x04b40000, 0x04c8b2d8, 0x04cf0000)
  to   space 1728K,   0% used [0x04990000, 0x04990000, 0x04b40000)
 tenured generation   total 34640K, used 30791K [0x09150000, 0x0b324000, 0x13c00000)
   the space 34640K,  88% used [0x09150000, 0x0af61e00, 0x0af61e00, 0x0b324000)
 Metaspace       used 37520K, capacity 39500K, committed 39680K, reserved 40320K
}
Event: 72.049 GC heap before
{Heap before GC invocations=100 (full 4):
 def new generation   total 15616K, used 15212K [0x03c00000, 0x04cf0000, 0x09150000)
  eden space 13888K, 100% used [0x03c00000, 0x04990000, 0x04990000)
  from space 1728K,  76% used [0x04b40000, 0x04c8b2d8, 0x04cf0000)
  to   space 1728K,   0% used [0x04990000, 0x04990000, 0x04b40000)
 tenured generation   total 34640K, used 30791K [0x09150000, 0x0b324000, 0x13c00000)
   the space 34640K,  88% used [0x09150000, 0x0af61e00, 0x0af61e00, 0x0b324000)
 Metaspace       used 37713K, capacity 39729K, committed 39808K, reserved 40320K
Event: 72.054 GC heap after
Heap after GC invocations=101 (full 4):
 def new generation   total 15616K, used 794K [0x03c00000, 0x04cf0000, 0x09150000)
  eden space 13888K,   0% used [0x03c00000, 0x03c00000, 0x04990000)
  from space 1728K,  45% used [0x04990000, 0x04a56b38, 0x04b40000)
  to   space 1728K,   0% used [0x04b40000, 0x04b40000, 0x04cf0000)
 tenured generation   total 34640K, used 31497K [0x09150000, 0x0b324000, 0x13c00000)
   the space 34640K,  90% used [0x09150000, 0x0b012660, 0x0b012800, 0x0b324000)
 Metaspace       used 37713K, capacity 39729K, committed 39808K, reserved 40320K
}
Event: 957.386 GC heap before
{Heap before GC invocations=101 (full 4):
 def new generation   total 15616K, used 14682K [0x03c00000, 0x04cf0000, 0x09150000)
  eden space 13888K,  99% used [0x03c00000, 0x0498feb0, 0x04990000)
  from space 1728K,  45% used [0x04990000, 0x04a56b38, 0x04b40000)
  to   space 1728K,   0% used [0x04b40000, 0x04b40000, 0x04cf0000)
 tenured generation   total 34640K, used 31497K [0x09150000, 0x0b324000, 0x13c00000)
   the space 34640K,  90% used [0x09150000, 0x0b012660, 0x0b012800, 0x0b324000)
 Metaspace       used 37871K, capacity 39892K, committed 39936K, reserved 40320K
Event: 957.393 GC heap after
Heap after GC invocations=102 (full 4):
 def new generation   total 15616K, used 1728K [0x03c00000, 0x04cf0000, 0x09150000)
  eden space 13888K,   0% used [0x03c00000, 0x03c00000, 0x04990000)
  from space 1728K, 100% used [0x04b40000, 0x04cf0000, 0x04cf0000)
  to   space 1728K,   0% used [0x04990000, 0x04990000, 0x04b40000)
 tenured generation   total 34640K, used 31709K [0x09150000, 0x0b324000, 0x13c00000)
   the space 34640K,  91% used [0x09150000, 0x0b047420, 0x0b047600, 0x0b324000)
 Metaspace       used 37871K, capacity 39892K, committed 39936K, reserved 40320K
}
Event: 1791.278 GC heap before
{Heap before GC invocations=102 (full 4):
 def new generation   total 15616K, used 15602K [0x03c00000, 0x04cf0000, 0x09150000)
  eden space 13888K,  99% used [0x03c00000, 0x0498cb80, 0x04990000)
  from space 1728K, 100% used [0x04b40000, 0x04cf0000, 0x04cf0000)
  to   space 1728K,   0% used [0x04990000, 0x04990000, 0x04b40000)
 tenured generation   total 34640K, used 31709K [0x09150000, 0x0b324000, 0x13c00000)
   the space 34640K,  91% used [0x09150000, 0x0b047420, 0x0b047600, 0x0b324000)
 Metaspace       used 38218K, capacity 40226K, committed 40320K, reserved 40320K
Event: 1791.287 GC heap after
Heap after GC invocations=103 (full 4):
 def new generation   total 15616K, used 922K [0x03c00000, 0x04cf0000, 0x09150000)
  eden space 13888K,   0% used [0x03c00000, 0x03c00000, 0x04990000)
  from space 1728K,  53% used [0x04990000, 0x04a76900, 0x04b40000)
  to   space 1728K,   0% used [0x04b40000, 0x04b40000, 0x04cf0000)
 tenured generation   total 34640K, used 32111K [0x09150000, 0x0b324000, 0x13c00000)
   the space 34640K,  92% used [0x09150000, 0x0b0abfd0, 0x0b0ac000, 0x0b324000)
 Metaspace       used 38218K, capacity 40226K, committed 40320K, reserved 40320K
}
Event: 5344.185 GC heap before
{Heap before GC invocations=103 (full 4):
 def new generation   total 15616K, used 14810K [0x03c00000, 0x04cf0000, 0x09150000)
  eden space 13888K, 100% used [0x03c00000, 0x04990000, 0x04990000)
  from space 1728K,  53% used [0x04990000, 0x04a76900, 0x04b40000)
  to   space 1728K,   0% used [0x04b40000, 0x04b40000, 0x04cf0000)
 tenured generation   total 34640K, used 32111K [0x09150000, 0x0b324000, 0x13c00000)
   the space 34640K,  92% used [0x09150000, 0x0b0abfd0, 0x0b0ac000, 0x0b324000)
 Metaspace       used 38252K, capacity 40269K, committed 40320K, reserved 40320K
Event: 5344.196 GC heap after
Heap after GC invocations=104 (full 4):
 def new generation   total 15616K, used 1728K [0x03c00000, 0x04cf0000, 0x09150000)
  eden space 13888K,   0% used [0x03c00000, 0x03c00000, 0x04990000)
  from space 1728K, 100% used [0x04b40000, 0x04cf0000, 0x04cf0000)
  to   space 1728K,   0% used [0x04990000, 0x04990000, 0x04b40000)
 tenured generation   total 34640K, used 32860K [0x09150000, 0x0b324000, 0x13c00000)
   the space 34640K,  94% used [0x09150000, 0x0b1670f0, 0x0b167200, 0x0b324000)
 Metaspace       used 38252K, capacity 40269K, committed 40320K, reserved 40320K
}
Event: 8917.148 GC heap before
{Heap before GC invocations=104 (full 4):
 def new generation   total 15616K, used 15616K [0x03c00000, 0x04cf0000, 0x09150000)
  eden space 13888K, 100% used [0x03c00000, 0x04990000, 0x04990000)
  from space 1728K, 100% used [0x04b40000, 0x04cf0000, 0x04cf0000)
  to   space 1728K,   0% used [0x04990000, 0x04990000, 0x04b40000)
 tenured generation   total 34640K, used 32860K [0x09150000, 0x0b324000, 0x13c00000)
   the space 34640K,  94% used [0x09150000, 0x0b1670f0, 0x0b167200, 0x0b324000)
 Metaspace       used 38252K, capacity 40269K, committed 40320K, reserved 40320K

