# JRE version: Java(TM) SE Runtime Environment (8.0_181-b13) (build 1.8.0_181-b13)
# Java VM: Java HotSpot(TM) Client VM (25.181-b13 mixed mode windows-x86 )
Heap:
 def new generation   total 19520K, used 19519K [0x03e00000, 0x05320000, 0x09350000)
  eden space 17408K, 100% used [0x03e00000, 0x04f00000, 0x04f00000)
  from space 2112K,  99% used [0x05110000, 0x0531fff8, 0x05320000)
  to   space 2112K,  96% used [0x04f00000, 0x050fdc58, 0x05110000)
 tenured generation   total 174784K, used 31384K [0x09350000, 0x13e00000, 0x13e00000)
   the space 174784K,  17% used [0x09350000, 0x0b1f6218, 0x0b1f6400, 0x13e00000)
 Metaspace       used 37037K, capacity 38950K, committed 39168K, reserved 39296K
GC Heap History (10 events):
Event: 31.814 GC heap after
Heap after GC invocations=99 (full 4):
 def new generation   total 13760K, used 1472K [0x03e00000, 0x04ce0000, 0x09350000)
  eden space 12288K,   0% used [0x03e00000, 0x03e00000, 0x04a00000)
  from space 1472K, 100% used [0x04b70000, 0x04ce0000, 0x04ce0000)
  to   space 1472K,   0% used [0x04a00000, 0x04a00000, 0x04b70000)
 tenured generation   total 30352K, used 29047K [0x09350000, 0x0b0f4000, 0x13e00000)
   the space 30352K,  95% used [0x09350000, 0x0afadfd0, 0x0afae000, 0x0b0f4000)
 Metaspace       used 36322K, capacity 38254K, committed 38272K, reserved 38272K
}
Event: 33.051 GC heap before
{Heap before GC invocations=99 (full 4):
 def new generation   total 13760K, used 13760K [0x03e00000, 0x04ce0000, 0x09350000)
  eden space 12288K, 100% used [0x03e00000, 0x04a00000, 0x04a00000)
  from space 1472K, 100% used [0x04b70000, 0x04ce0000, 0x04ce0000)
  to   space 1472K,   0% used [0x04a00000, 0x04a00000, 0x04b70000)
 tenured generation   total 30352K, used 29047K [0x09350000, 0x0b0f4000, 0x13e00000)
   the space 30352K,  95% used [0x09350000, 0x0afadfd0, 0x0afae000, 0x0b0f4000)
 Metaspace       used 37192K, capacity 39163K, committed 39168K, reserved 39296K
Event: 33.149 GC heap after
Heap after GC invocations=100 (full 5):
 def new generation   total 19520K, used 0K [0x03e00000, 0x05320000, 0x09350000)
  eden space 17408K,   0% used [0x03e00000, 0x03e00000, 0x04f00000)
  from space 2112K,   0% used [0x04f00000, 0x04f00000, 0x05110000)
  to   space 2112K,   0% used [0x05110000, 0x05110000, 0x05320000)
 tenured generation   total 43204K, used 25921K [0x09350000, 0x0bd81000, 0x13e00000)
   the space 43204K,  59% used [0x09350000, 0x0aca04d8, 0x0aca0600, 0x0bd81000)
 Metaspace       used 37037K, capacity 38950K, committed 39168K, reserved 39296K
}
Event: 33.272 GC heap before
{Heap before GC invocations=100 (full 5):
 def new generation   total 19520K, used 17408K [0x03e00000, 0x05320000, 0x09350000)
  eden space 17408K, 100% used [0x03e00000, 0x04f00000, 0x04f00000)
  from space 2112K,   0% used [0x04f00000, 0x04f00000, 0x05110000)
  to   space 2112K,   0% used [0x05110000, 0x05110000, 0x05320000)
 tenured generation   total 43204K, used 25921K [0x09350000, 0x0bd81000, 0x13e00000)
   the space 43204K,  59% used [0x09350000, 0x0aca04d8, 0x0aca0600, 0x0bd81000)
 Metaspace       used 37037K, capacity 38950K, committed 39168K, reserved 39296K
Event: 33.282 GC heap after
Heap after GC invocations=101 (full 5):
 def new generation   total 19520K, used 2109K [0x03e00000, 0x05320000, 0x09350000)
  eden space 17408K,   0% used [0x03e00000, 0x03e00000, 0x04f00000)
  from space 2112K,  99% used [0x05110000, 0x0531f488, 0x05320000)
  to   space 2112K,   0% used [0x04f00000, 0x04f00000, 0x05110000)
 tenured generation   total 43204K, used 25921K [0x09350000, 0x0bd81000, 0x13e00000)
   the space 43204K,  59% used [0x09350000, 0x0aca04d8, 0x0aca0600, 0x0bd81000)
 Metaspace       used 37037K, capacity 38950K, committed 39168K, reserved 39296K
}
Event: 33.327 GC heap before
{Heap before GC invocations=101 (full 5):
 def new generation   total 19520K, used 19517K [0x03e00000, 0x05320000, 0x09350000)
  eden space 17408K, 100% used [0x03e00000, 0x04f00000, 0x04f00000)
  from space 2112K,  99% used [0x05110000, 0x0531f488, 0x05320000)
  to   space 2112K,   0% used [0x04f00000, 0x04f00000, 0x05110000)
 tenured generation   total 43204K, used 25921K [0x09350000, 0x0bd81000, 0x13e00000)
   the space 43204K,  59% used [0x09350000, 0x0aca04d8, 0x0aca0600, 0x0bd81000)
 Metaspace       used 37037K, capacity 38950K, committed 39168K, reserved 39296K
Event: 33.339 GC heap after
Heap after GC invocations=102 (full 5):
 def new generation   total 19520K, used 2112K [0x03e00000, 0x05320000, 0x09350000)
  eden space 17408K,   0% used [0x03e00000, 0x03e00000, 0x04f00000)
  from space 2112K, 100% used [0x04f00000, 0x05110000, 0x05110000)
  to   space 2112K,   0% used [0x05110000, 0x05110000, 0x05320000)
 tenured generation   total 43204K, used 28002K [0x09350000, 0x0bd81000, 0x13e00000)
   the space 43204K,  64% used [0x09350000, 0x0aea8a80, 0x0aea8c00, 0x0bd81000)
 Metaspace       used 37037K, capacity 38950K, committed 39168K, reserved 39296K
}
Event: 33.385 GC heap before
{Heap before GC invocations=102 (full 5):
 def new generation   total 19520K, used 19520K [0x03e00000, 0x05320000, 0x09350000)
  eden space 17408K, 100% used [0x03e00000, 0x04f00000, 0x04f00000)
  from space 2112K, 100% used [0x04f00000, 0x05110000, 0x05110000)
  to   space 2112K,   0% used [0x05110000, 0x05110000, 0x05320000)
 tenured generation   total 43204K, used 28002K [0x09350000, 0x0bd81000, 0x13e00000)
   the space 43204K,  64% used [0x09350000, 0x0aea8a80, 0x0aea8c00, 0x0bd81000)
 Metaspace       used 37037K, capacity 38950K, committed 39168K, reserved 39296K
Event: 33.396 GC heap after
Heap after GC invocations=103 (full 5):
 def new generation   total 19520K, used 2111K [0x03e00000, 0x05320000, 0x09350000)
  eden space 17408K,   0% used [0x03e00000, 0x03e00000, 0x04f00000)
  from space 2112K,  99% used [0x05110000, 0x0531fff8, 0x05320000)
  to   space 2112K,   0% used [0x04f00000, 0x04f00000, 0x05110000)
 tenured generation   total 43204K, used 30196K [0x09350000, 0x0bd81000, 0x13e00000)
   the space 43204K,  69% used [0x09350000, 0x0b0cd388, 0x0b0cd400, 0x0bd81000)
 Metaspace       used 37037K, capacity 38950K, committed 39168K, reserved 39296K
}
Event: 33.438 GC heap before
{Heap before GC invocations=103 (full 5):
 def new generation   total 19520K, used 19519K [0x03e00000, 0x05320000, 0x09350000)
  eden space 17408K, 100% used [0x03e00000, 0x04f00000, 0x04f00000)
  from space 2112K,  99% used [0x05110000, 0x0531fff8, 0x05320000)
  to   space 2112K,   0% used [0x04f00000, 0x04f00000, 0x05110000)
 tenured generation   total 43204K, used 30196K [0x09350000, 0x0bd81000, 0x13e00000)
   the space 43204K,  69% used [0x09350000, 0x0b0cd388, 0x0b0cd400, 0x0bd81000)
 Metaspace       used 37037K, capacity 38950K, committed 39168K, reserved 39296K

